step 000000 | loss 1.3289
step 000100 | loss 0.9988
step 000200 | loss 0.9937
step 000300 | loss 0.9859
step 000400 | loss 0.9631
step 000500 | loss 0.9512
step 000600 | loss 0.9589
step 000700 | loss 0.9165
step 000800 | loss 0.9368
step 000900 | loss 0.9036
step 001000 | loss 0.8919
step 001100 | loss 0.8643
step 001200 | loss 0.8887
step 001300 | loss 0.8810
step 001400 | loss 0.8598
step 001500 | loss 0.8294
step 001600 | loss 0.8253
step 001700 | loss 0.8609
step 001800 | loss 0.8429
step 001900 | loss 0.8199
step 002000 | loss 0.8220
step 002100 | loss 0.8039
step 002200 | loss 0.7977
step 002300 | loss 0.8131
step 002400 | loss 0.7970
step 002500 | loss 0.7920
step 002600 | loss 0.7884
step 002700 | loss 0.7816
step 002800 | loss 0.7793
step 002900 | loss 0.7825
step 003000 | loss 0.7794
step 003100 | loss 0.7817
step 003200 | loss 0.7764
step 003300 | loss 0.7700
step 003400 | loss 0.7654
step 003500 | loss 0.7629
step 003600 | loss 0.7637
step 003700 | loss 0.7681
step 003800 | loss 0.7676
step 003900 | loss 0.7626
step 004000 | loss 0.7607
step 004100 | loss 0.7613
step 004200 | loss 0.7624
step 004300 | loss 0.7628
step 004400 | loss 0.7592
step 004500 | loss 0.7627
step 004600 | loss 0.7617
step 004700 | loss 0.7603
step 004800 | loss 0.7576
step 004900 | loss 0.7559
step 005000 | loss 0.7673
step 005100 | loss 0.7612
step 005200 | loss 0.7613
step 005300 | loss 0.7591
step 005400 | loss 0.7616
step 005500 | loss 0.7538
step 005600 | loss 0.7573
step 005700 | loss 0.7529
step 005800 | loss 0.7565
step 005900 | loss 0.7558
step 006000 | loss 0.7596
step 006100 | loss 0.7559
step 006200 | loss 0.7550
step 006300 | loss 0.7592
step 006400 | loss 0.7575
step 006500 | loss 0.7499
step 006600 | loss 0.7556
step 006700 | loss 0.7511
step 006800 | loss 0.7546
step 006900 | loss 0.7646
step 007000 | loss 0.7531
step 007100 | loss 0.8000
step 007200 | loss 0.7584
step 007300 | loss 0.7554
step 007400 | loss 0.7615
step 007500 | loss 0.7505
step 007600 | loss 0.7572
step 007700 | loss 0.7567
step 007800 | loss 0.7567
step 007900 | loss 0.7506
step 008000 | loss 0.7583
step 008100 | loss 0.7549
step 008200 | loss 0.7578
step 008300 | loss 0.7597
step 008400 | loss 0.7556
step 008500 | loss 0.7577
step 008600 | loss 0.7584
step 008700 | loss 0.7550
step 008800 | loss 0.7596
step 008900 | loss 0.7619
step 009000 | loss 0.7575
step 009100 | loss 0.7561
step 009200 | loss 0.7543
step 009300 | loss 0.7580
step 009400 | loss 0.7604
step 009500 | loss 0.7763
step 009600 | loss 0.7566
step 009700 | loss 0.7586
step 009800 | loss 0.7743
step 009900 | loss 0.7591
step 010000 | loss 0.7539
step 010100 | loss 0.7521
step 010200 | loss 0.7997
step 010300 | loss 0.7607
step 010400 | loss 0.7538
step 010500 | loss 0.7623
step 010600 | loss 0.7630
step 010700 | loss 0.7573
step 010800 | loss 0.7559
step 010900 | loss 0.7537
step 011000 | loss 0.7584
step 011100 | loss 0.7670
step 011200 | loss 0.7575
step 011300 | loss 0.7620
step 011400 | loss 0.7536
step 011500 | loss 0.7549
step 011600 | loss 0.7540
step 011700 | loss 0.7605
step 011800 | loss 0.7533
step 011900 | loss 0.7513
step 012000 | loss 0.7537
step 012100 | loss 0.7623
step 012200 | loss 0.7615
step 012300 | loss 0.7560
step 012400 | loss 0.7581
step 012500 | loss 0.7552
step 012600 | loss 0.7545
step 012700 | loss 0.7574
step 012800 | loss 0.7549
step 012900 | loss 0.7538
step 013000 | loss 0.7540
step 013100 | loss 0.7582
step 013200 | loss 0.7491
step 013300 | loss 0.7560
step 013400 | loss 0.7561
step 013500 | loss 0.7535
step 013600 | loss 0.7574
step 013700 | loss 0.7542
step 013800 | loss 0.7521
step 013900 | loss 0.7534
step 014000 | loss 0.7560
step 014100 | loss 0.7624
step 014200 | loss 0.7552
step 014300 | loss 0.7542
step 014400 | loss 0.7508
step 014500 | loss 0.7515
step 014600 | loss 0.7519
step 014700 | loss 0.7523
step 014800 | loss 0.7655
step 014900 | loss 0.7506
step 015000 | loss 0.7530
step 015100 | loss 0.7521
step 015200 | loss 0.7528
step 015300 | loss 0.7567
step 015400 | loss 0.7550
step 015500 | loss 0.7493
step 015600 | loss 0.7524
step 015700 | loss 0.7513
step 015800 | loss 0.7540
step 015900 | loss 0.7876
step 016000 | loss 0.8170
step 016100 | loss 0.7586
step 016200 | loss 0.7600
step 016300 | loss 0.7545
step 016400 | loss 0.7514
step 016500 | loss 0.8228
step 016600 | loss 0.7561
step 016700 | loss 0.7591
step 016800 | loss 0.7586
step 016900 | loss 0.7537
step 017000 | loss 0.7501
step 017100 | loss 0.7543
step 017200 | loss 0.7516
step 017300 | loss 0.7594
step 017400 | loss 0.7497
step 017500 | loss 0.7559
step 017600 | loss 0.7545
step 017700 | loss 0.7525
step 017800 | loss 0.7568
step 017900 | loss 0.7556
step 018000 | loss 0.7622
step 018100 | loss 0.7548
step 018200 | loss 0.8003
step 018300 | loss 0.7514
step 018400 | loss 0.7520
step 018500 | loss 0.7531
step 018600 | loss 0.7528
step 018700 | loss 0.7516
step 018800 | loss 0.7584
step 018900 | loss 0.7523
step 019000 | loss 0.7604
step 019100 | loss 0.7533
step 019200 | loss 0.7609
step 019300 | loss 0.7553
step 019400 | loss 0.7550
step 019500 | loss 0.7528
step 019600 | loss 0.7683
step 019700 | loss 0.7516
step 019800 | loss 0.7514
step 019900 | loss 0.7520
step 020000 | loss 0.7533
step 020100 | loss 0.7541
step 020200 | loss 0.7533
step 020300 | loss 0.7532
step 020400 | loss 0.7550
step 020500 | loss 0.7504
step 020600 | loss 0.7530
step 020700 | loss 0.7556
step 020800 | loss 0.7608
step 020900 | loss 0.7596
step 021000 | loss 0.7565
step 021100 | loss 0.7550
step 021200 | loss 0.7574
step 021300 | loss 0.7504
step 021400 | loss 0.7539
step 021500 | loss 0.7520
step 021600 | loss 0.7523
step 021700 | loss 0.7538
step 021800 | loss 0.7554
step 021900 | loss 0.7545
step 022000 | loss 0.7541
step 022100 | loss 0.7555
step 022200 | loss 0.7545
step 022300 | loss 0.7534
step 022400 | loss 0.7492
step 022500 | loss 0.7509
step 022600 | loss 0.7509
step 022700 | loss 0.7568
step 022800 | loss 0.7896
step 022900 | loss 0.7534
step 023000 | loss 0.7503
step 023100 | loss 0.7526
step 023200 | loss 0.7546
step 023300 | loss 0.7531
step 023400 | loss 0.7533
step 023500 | loss 0.7538
step 023600 | loss 0.7538
step 023700 | loss 0.7668
step 023800 | loss 0.7540
step 023900 | loss 0.7565
step 024000 | loss 0.7512
step 024100 | loss 0.7508
step 024200 | loss 0.7650
step 024300 | loss 0.7611
step 024400 | loss 0.7519
step 024500 | loss 0.7878
step 024600 | loss 0.7560
step 024700 | loss 0.7593
step 024800 | loss 0.7525
step 024900 | loss 0.7571
step 025000 | loss 0.7561
step 025100 | loss 0.7495
step 025200 | loss 0.7567
step 025300 | loss 0.7552
step 025400 | loss 0.7599
step 025500 | loss 0.7550
step 025600 | loss 0.7496
step 025700 | loss 0.7548
step 025800 | loss 0.7556
step 025900 | loss 0.7586
step 026000 | loss 0.7615
step 026100 | loss 0.7512
step 026200 | loss 0.7499
step 026300 | loss 0.7524
step 026400 | loss 0.7531
step 026500 | loss 0.7603
step 026600 | loss 0.7606
step 026700 | loss 0.7525
step 026800 | loss 0.7526
step 026900 | loss 0.7516
step 027000 | loss 0.7537
step 027100 | loss 0.7921
step 027200 | loss 0.7519
step 027300 | loss 0.7498
step 027400 | loss 0.7532
step 027500 | loss 0.7580
step 027600 | loss 0.7537
step 027700 | loss 0.7761
step 027800 | loss 0.7495
step 027900 | loss 0.7488
step 028000 | loss 0.7547
step 028100 | loss 0.7523
step 028200 | loss 0.7588
step 028300 | loss 0.7575
step 028400 | loss 0.7510
step 028500 | loss 0.7515
step 028600 | loss 0.7725
step 028700 | loss 0.7553
step 028800 | loss 0.7517
step 028900 | loss 0.7541
step 029000 | loss 0.7544
step 029100 | loss 0.7830
step 029200 | loss 0.7832
step 029300 | loss 0.7587
step 029400 | loss 0.7550
step 029500 | loss 0.7525
step 029600 | loss 0.7545
step 029700 | loss 0.7516
step 029800 | loss 0.7541
step 029900 | loss 0.7524
step 030000 | loss 0.7523
step 030100 | loss 0.7556
step 030200 | loss 0.7461
step 030300 | loss 0.7525
step 030400 | loss 0.7573
step 030500 | loss 0.7535
step 030600 | loss 0.7578
step 030700 | loss 0.7531
step 030800 | loss 0.7490
step 030900 | loss 0.7542
step 031000 | loss 0.7503
step 031100 | loss 0.7539
step 031200 | loss 0.7529
step 031300 | loss 0.7552
step 031400 | loss 0.7565
step 031500 | loss 0.7506
step 031600 | loss 0.7531
step 031700 | loss 0.7540
step 031800 | loss 0.7547
step 031900 | loss 0.7546
step 032000 | loss 0.7562
step 032100 | loss 0.7819
step 032200 | loss 0.7531
step 032300 | loss 0.7483
step 032400 | loss 0.7561
step 032500 | loss 0.7531
step 032600 | loss 0.7513
step 032700 | loss 0.7501
step 032800 | loss 0.7511
step 032900 | loss 0.7598
step 033000 | loss 0.7550
step 033100 | loss 0.7559
step 033200 | loss 0.7539
step 033300 | loss 0.7631
step 033400 | loss 0.7548
step 033500 | loss 0.7532
step 033600 | loss 0.7535
step 033700 | loss 0.7523
step 033800 | loss 0.7547
step 033900 | loss 0.7567
step 034000 | loss 0.7535
step 034100 | loss 0.7519
step 034200 | loss 0.7509
step 034300 | loss 0.7526
step 034400 | loss 0.7542
step 034500 | loss 0.7491
step 034600 | loss 0.7857
step 034700 | loss 0.7538
step 034800 | loss 0.8082
step 034900 | loss 0.7552
step 035000 | loss 0.7544
step 035100 | loss 0.7495
step 035200 | loss 0.7538
step 035300 | loss 0.7585
step 035400 | loss 0.7519
step 035500 | loss 0.7489
step 035600 | loss 0.7543
step 035700 | loss 0.7517
step 035800 | loss 0.7528
step 035900 | loss 0.7539
step 036000 | loss 0.7530
step 036100 | loss 0.7593
step 036200 | loss 0.7492
step 036300 | loss 0.7630
step 036400 | loss 0.7960
step 036500 | loss 0.7532
step 036600 | loss 0.7538
step 036700 | loss 0.7511
step 036800 | loss 0.7518
step 036900 | loss 0.7520
step 037000 | loss 0.7555
step 037100 | loss 0.7609
step 037200 | loss 0.7519
step 037300 | loss 0.7540
step 037400 | loss 0.7526
step 037500 | loss 0.7518
step 037600 | loss 0.7570
step 037700 | loss 0.7555
step 037800 | loss 0.7548
step 037900 | loss 0.7517
step 038000 | loss 0.7548
step 038100 | loss 0.7505
step 038200 | loss 0.7529
step 038300 | loss 0.7544
step 038400 | loss 0.7584
step 038500 | loss 0.7571
step 038600 | loss 0.7545
step 038700 | loss 0.7668
step 038800 | loss 0.7537
step 038900 | loss 0.7561
step 039000 | loss 0.7505
step 039100 | loss 0.7521
step 039200 | loss 0.7886
step 039300 | loss 0.7549
step 039400 | loss 0.7522
step 039500 | loss 0.7533
step 039600 | loss 0.7483
step 039700 | loss 0.7534
step 039800 | loss 0.7533
step 039900 | loss 0.7519
step 040000 | loss 0.7743
step 040100 | loss 0.7543
step 040200 | loss 0.7552
step 040300 | loss 0.7515
step 040400 | loss 0.7516
step 040500 | loss 0.7545
step 040600 | loss 0.7526
step 040700 | loss 0.7472
step 040800 | loss 0.7967
step 040900 | loss 0.7659
step 041000 | loss 0.7574
step 041100 | loss 0.7552
step 041200 | loss 0.7517
step 041300 | loss 0.7525
step 041400 | loss 0.7522
step 041500 | loss 0.7508
step 041600 | loss 0.7503
step 041700 | loss 0.7525
step 041800 | loss 0.7498
step 041900 | loss 0.7517
step 042000 | loss 0.7568
step 042100 | loss 0.7702
step 042200 | loss 0.7533
step 042300 | loss 0.7498
step 042400 | loss 0.7513
step 042500 | loss 0.7573
step 042600 | loss 0.7558
step 042700 | loss 0.7510
step 042800 | loss 0.7550
step 042900 | loss 0.7575
step 043000 | loss 0.7650
step 043100 | loss 0.7495
step 043200 | loss 0.7538
step 043300 | loss 0.7511
step 043400 | loss 0.7512
step 043500 | loss 0.7543
step 043600 | loss 0.7530
step 043700 | loss 0.7510
step 043800 | loss 0.7554
step 043900 | loss 0.7538
step 044000 | loss 0.7540
step 044100 | loss 0.7486
step 044200 | loss 0.7574
step 044300 | loss 0.7540
step 044400 | loss 0.7536
step 044500 | loss 0.7567
step 044600 | loss 0.7543
step 044700 | loss 0.7557
step 044800 | loss 0.7561
step 044900 | loss 0.7512
step 045000 | loss 0.7523
step 045100 | loss 0.7591
step 045200 | loss 0.7760
step 045300 | loss 0.7539
step 045400 | loss 0.7521
step 045500 | loss 0.7511
step 045600 | loss 0.7501
step 045700 | loss 0.7508
step 045800 | loss 0.7533
step 045900 | loss 0.7560
step 046000 | loss 0.7533
step 046100 | loss 0.7530
step 046200 | loss 0.7503
step 046300 | loss 0.7526
step 046400 | loss 0.7797
step 046500 | loss 0.7560
step 046600 | loss 0.7494
step 046700 | loss 0.7499
step 046800 | loss 0.7491
step 046900 | loss 0.7529
step 047000 | loss 0.7551
step 047100 | loss 0.7532
step 047200 | loss 0.7573
step 047300 | loss 0.7657
step 047400 | loss 0.7556
step 047500 | loss 0.7535
step 047600 | loss 0.7544
step 047700 | loss 0.7522
step 047800 | loss 0.7545
step 047900 | loss 0.7534
step 048000 | loss 0.7490
step 048100 | loss 0.7500
step 048200 | loss 0.7564
step 048300 | loss 0.7512
step 048400 | loss 0.7567
step 048500 | loss 0.7612
step 048600 | loss 0.7599
step 048700 | loss 0.7529
step 048800 | loss 0.7527
step 048900 | loss 0.7549
step 049000 | loss 0.7499
step 049100 | loss 0.7533
step 049200 | loss 0.7547
step 049300 | loss 0.7571
step 049400 | loss 0.7552
step 049500 | loss 0.7567
step 049600 | loss 0.7543
step 049700 | loss 0.7576
step 049800 | loss 0.7514
step 049900 | loss 0.7501
